<?xml version="1.0" encoding="UTF-8"?>
<testsuite name="com.jcastillo.warehousemanagement.WarehouseManagementApplicationTests" tests="1" skipped="0" failures="0" errors="0" timestamp="2022-11-28T10:28:42" hostname="jorge--itcdec--yg4ynh930r.waca.cadra.aero" time="0.597">
  <properties/>
  <testcase name="contextLoads()" classname="com.jcastillo.warehousemanagement.WarehouseManagementApplicationTests" time="0.597"/>
  <system-out><![CDATA[11:28:37.576 [Test worker] DEBUG org.springframework.test.context.BootstrapUtils - Instantiating CacheAwareContextLoaderDelegate from class [org.springframework.test.context.cache.DefaultCacheAwareContextLoaderDelegate]
11:28:37.587 [Test worker] DEBUG org.springframework.test.context.BootstrapUtils - Instantiating BootstrapContext using constructor [public org.springframework.test.context.support.DefaultBootstrapContext(java.lang.Class,org.springframework.test.context.CacheAwareContextLoaderDelegate)]
11:28:37.639 [Test worker] DEBUG org.springframework.test.context.BootstrapUtils - Instantiating TestContextBootstrapper for test class [com.jcastillo.warehousemanagement.WarehouseManagementApplicationTests] from class [org.springframework.boot.test.context.SpringBootTestContextBootstrapper]
11:28:37.659 [Test worker] INFO org.springframework.boot.test.context.SpringBootTestContextBootstrapper - Neither @ContextConfiguration nor @ContextHierarchy found for test class [com.jcastillo.warehousemanagement.WarehouseManagementApplicationTests], using SpringBootContextLoader
11:28:37.662 [Test worker] DEBUG org.springframework.test.context.support.AbstractContextLoader - Did not detect default resource location for test class [com.jcastillo.warehousemanagement.WarehouseManagementApplicationTests]: class path resource [com/jcastillo/warehousemanagement/WarehouseManagementApplicationTests-context.xml] does not exist
11:28:37.663 [Test worker] DEBUG org.springframework.test.context.support.AbstractContextLoader - Did not detect default resource location for test class [com.jcastillo.warehousemanagement.WarehouseManagementApplicationTests]: class path resource [com/jcastillo/warehousemanagement/WarehouseManagementApplicationTestsContext.groovy] does not exist
11:28:37.663 [Test worker] INFO org.springframework.test.context.support.AbstractContextLoader - Could not detect default resource locations for test class [com.jcastillo.warehousemanagement.WarehouseManagementApplicationTests]: no resource found for suffixes {-context.xml, Context.groovy}.
11:28:37.663 [Test worker] INFO org.springframework.test.context.support.AnnotationConfigContextLoaderUtils - Could not detect default configuration classes for test class [com.jcastillo.warehousemanagement.WarehouseManagementApplicationTests]: WarehouseManagementApplicationTests does not declare any static, non-private, non-final, nested classes annotated with @Configuration.
11:28:37.860 [Test worker] DEBUG org.springframework.test.context.support.ActiveProfilesUtils - Could not find an 'annotation declaring class' for annotation type [org.springframework.test.context.ActiveProfiles] and class [com.jcastillo.warehousemanagement.WarehouseManagementApplicationTests]
11:28:37.946 [Test worker] DEBUG org.springframework.context.annotation.ClassPathScanningCandidateComponentProvider - Identified candidate component class: file [/Users/x029946/Sandbox/build/classes/kotlin/main/com/jcastillo/warehousemanagement/WarehouseManagementApplication.class]
11:28:37.949 [Test worker] INFO org.springframework.boot.test.context.SpringBootTestContextBootstrapper - Found @SpringBootConfiguration com.jcastillo.warehousemanagement.WarehouseManagementApplication for test class com.jcastillo.warehousemanagement.WarehouseManagementApplicationTests
11:28:38.072 [Test worker] DEBUG org.springframework.boot.test.context.SpringBootTestContextBootstrapper - @TestExecutionListeners is not present for class [com.jcastillo.warehousemanagement.WarehouseManagementApplicationTests]: using defaults.
11:28:38.073 [Test worker] INFO org.springframework.boot.test.context.SpringBootTestContextBootstrapper - Loaded default TestExecutionListener class names from location [META-INF/spring.factories]: [org.springframework.boot.test.autoconfigure.restdocs.RestDocsTestExecutionListener, org.springframework.boot.test.autoconfigure.web.client.MockRestServiceServerResetTestExecutionListener, org.springframework.boot.test.autoconfigure.web.servlet.MockMvcPrintOnlyOnFailureTestExecutionListener, org.springframework.boot.test.autoconfigure.web.servlet.WebDriverTestExecutionListener, org.springframework.boot.test.autoconfigure.webservices.client.MockWebServiceServerTestExecutionListener, org.springframework.boot.test.mock.mockito.MockitoTestExecutionListener, org.springframework.boot.test.mock.mockito.ResetMocksTestExecutionListener, org.springframework.test.context.web.ServletTestExecutionListener, org.springframework.test.context.support.DirtiesContextBeforeModesTestExecutionListener, org.springframework.test.context.event.ApplicationEventsTestExecutionListener, org.springframework.test.context.support.DependencyInjectionTestExecutionListener, org.springframework.test.context.support.DirtiesContextTestExecutionListener, org.springframework.test.context.transaction.TransactionalTestExecutionListener, org.springframework.test.context.jdbc.SqlScriptsTestExecutionListener, org.springframework.test.context.event.EventPublishingTestExecutionListener]
11:28:38.081 [Test worker] DEBUG org.springframework.boot.test.context.SpringBootTestContextBootstrapper - Skipping candidate TestExecutionListener [org.springframework.test.context.web.ServletTestExecutionListener] due to a missing dependency. Specify custom listener classes or make the default listener classes and their required dependencies available. Offending class: [javax/servlet/ServletContext]
11:28:38.085 [Test worker] INFO org.springframework.boot.test.context.SpringBootTestContextBootstrapper - Using TestExecutionListeners: [org.springframework.test.context.support.DirtiesContextBeforeModesTestExecutionListener@3e2943ab, org.springframework.test.context.event.ApplicationEventsTestExecutionListener@70dd7e15, org.springframework.boot.test.mock.mockito.MockitoTestExecutionListener@4a9f80d3, org.springframework.boot.test.autoconfigure.SpringBootDependencyInjectionTestExecutionListener@35beb15e, org.springframework.test.context.support.DirtiesContextTestExecutionListener@41fe9859, org.springframework.test.context.transaction.TransactionalTestExecutionListener@5ac86ba5, org.springframework.test.context.jdbc.SqlScriptsTestExecutionListener@6c67e137, org.springframework.test.context.event.EventPublishingTestExecutionListener@2c9399a4, org.springframework.boot.test.autoconfigure.restdocs.RestDocsTestExecutionListener@191ae03f, org.springframework.boot.test.autoconfigure.web.client.MockRestServiceServerResetTestExecutionListener@9635fa, org.springframework.boot.test.autoconfigure.web.servlet.MockMvcPrintOnlyOnFailureTestExecutionListener@53ab0286, org.springframework.boot.test.autoconfigure.web.servlet.WebDriverTestExecutionListener@63c5efee, org.springframework.boot.test.autoconfigure.webservices.client.MockWebServiceServerTestExecutionListener@2d10e0b1, org.springframework.boot.test.mock.mockito.ResetMocksTestExecutionListener@1c98290c]
11:28:38.090 [Test worker] DEBUG org.springframework.test.context.support.AbstractDirtiesContextTestExecutionListener - Before test class: context [DefaultTestContext@1d71006f testClass = WarehouseManagementApplicationTests, testInstance = [null], testMethod = [null], testException = [null], mergedContextConfiguration = [ReactiveWebMergedContextConfiguration@5b6813df testClass = WarehouseManagementApplicationTests, locations = '{}', classes = '{class com.jcastillo.warehousemanagement.WarehouseManagementApplication}', contextInitializerClasses = '[]', activeProfiles = '{}', propertySourceLocations = '{}', propertySourceProperties = '{org.springframework.boot.test.context.SpringBootTestContextBootstrapper=true}', contextCustomizers = set[org.springframework.boot.test.autoconfigure.actuate.metrics.MetricsExportContextCustomizerFactory$DisableMetricExportContextCustomizer@331acdad, org.springframework.boot.test.autoconfigure.properties.PropertyMappingContextCustomizer@0, org.springframework.boot.test.autoconfigure.web.servlet.WebDriverContextCustomizerFactory$Customizer@2b4c1d96, org.springframework.boot.test.context.filter.ExcludeFilterContextCustomizer@76884e4b, org.springframework.boot.test.json.DuplicateJsonObjectContextCustomizerFactory$DuplicateJsonObjectContextCustomizer@6d3c5255, org.springframework.boot.test.mock.mockito.MockitoContextCustomizer@0, org.springframework.boot.test.web.client.TestRestTemplateContextCustomizer@6127a7e, org.springframework.boot.test.web.reactive.server.WebTestClientContextCustomizer@222eb8aa, org.springframework.boot.test.context.SpringBootTestArgs@1, org.springframework.boot.test.context.SpringBootTestWebEnvironment@8317c52], contextLoader = 'org.springframework.boot.test.context.SpringBootContextLoader', parent = [null]], attributes = map[[empty]]], class annotated with @DirtiesContext [false] with mode [null].
11:28:38.118 [Test worker] DEBUG org.springframework.test.context.support.DependencyInjectionTestExecutionListener - Performing dependency injection for test context [[DefaultTestContext@1d71006f testClass = WarehouseManagementApplicationTests, testInstance = com.jcastillo.warehousemanagement.WarehouseManagementApplicationTests@593e824f, testMethod = [null], testException = [null], mergedContextConfiguration = [ReactiveWebMergedContextConfiguration@5b6813df testClass = WarehouseManagementApplicationTests, locations = '{}', classes = '{class com.jcastillo.warehousemanagement.WarehouseManagementApplication}', contextInitializerClasses = '[]', activeProfiles = '{}', propertySourceLocations = '{}', propertySourceProperties = '{org.springframework.boot.test.context.SpringBootTestContextBootstrapper=true}', contextCustomizers = set[org.springframework.boot.test.autoconfigure.actuate.metrics.MetricsExportContextCustomizerFactory$DisableMetricExportContextCustomizer@331acdad, org.springframework.boot.test.autoconfigure.properties.PropertyMappingContextCustomizer@0, org.springframework.boot.test.autoconfigure.web.servlet.WebDriverContextCustomizerFactory$Customizer@2b4c1d96, org.springframework.boot.test.context.filter.ExcludeFilterContextCustomizer@76884e4b, org.springframework.boot.test.json.DuplicateJsonObjectContextCustomizerFactory$DuplicateJsonObjectContextCustomizer@6d3c5255, org.springframework.boot.test.mock.mockito.MockitoContextCustomizer@0, org.springframework.boot.test.web.client.TestRestTemplateContextCustomizer@6127a7e, org.springframework.boot.test.web.reactive.server.WebTestClientContextCustomizer@222eb8aa, org.springframework.boot.test.context.SpringBootTestArgs@1, org.springframework.boot.test.context.SpringBootTestWebEnvironment@8317c52], contextLoader = 'org.springframework.boot.test.context.SpringBootContextLoader', parent = [null]], attributes = map['org.springframework.test.context.event.ApplicationEventsTestExecutionListener.recordApplicationEvents' -> false]]].

  .   ____          _            __ _ _
 /\\ / ___'_ __ _ _(_)_ __  __ _ \ \ \ \
( ( )\___ | '_ | '_| | '_ \/ _` | \ \ \ \
 \\/  ___)| |_)| | | | | || (_| |  ) ) ) )
  '  |____| .__|_| |_|_| |_\__, | / / / /
 =========|_|==============|___/=/_/_/_/
 :: Spring Boot ::                (v2.7.5)

11:28:38.622 [Test worker] INFO  c.j.w.WarehouseManagementApplicationTests - Starting WarehouseManagementApplicationTests using Java 17.0.4.1 on jorge--itcdec--yg4ynh930r.waca.cadra.aero with PID 66676 (started by x029946 in /Users/x029946/Sandbox)
11:28:38.623 [Test worker] INFO  c.j.w.WarehouseManagementApplicationTests - No active profile set, falling back to 1 default profile: "default"
11:28:41.490 [Test worker] INFO  o.s.b.a.e.web.EndpointLinksResolver - Exposing 1 endpoint(s) beneath base path '/actuator'
11:28:41.961 [Test worker] INFO  c.a.c.i.jackson.JacksonVersion - Package versions: jackson-core=2.13.4, jackson-databind=2.13.4-2, jackson-dataformat-xml=2.13.4, jackson-datatype-jsr310=2.13.4, azure-core=1.32.0, Troubleshooting version conflicts: https://aka.ms/azsdk/java/dependency/troubleshoot
11:28:42.054 [Test worker] INFO  c.a.s.c.c.i.f.AbstractAzureServiceClientBuilderFactory - Will configure the default credential of type DefaultAzureCredential for class com.azure.identity.DefaultAzureCredentialBuilder.
11:28:42.431 [Test worker] INFO  c.j.w.WarehouseManagementApplicationTests - Started WarehouseManagementApplicationTests in 4.277 seconds (JVM running for 5.946)
]]></system-out>
  <system-err><![CDATA[]]></system-err>
</testsuite>
